Se añadío el prodcuto Sofá 3 cuerpos en la fecha: Sat Sep 13 2025 20:18:45 GMT-0300 (hora estándar de Argentina) 
Se añadío el prodcuto Mesa de Roble en la fecha: Sat Sep 13 2025 20:18:45 GMT-0300 (hora estándar de Argentina) 
Se añadío el prodcuto Silla de Comedor  en la fecha: Sat Sep 13 2025 20:18:45 GMT-0300 (hora estándar de Argentina) 
Se añadío el prodcuto Sofá 3 cuerpos en la fecha: Sun Sep 14 2025 00:10:06 GMT-0300 (hora estándar de Argentina) 
Se añadío el prodcuto Mesa de Roble en la fecha: Sun Sep 14 2025 00:10:06 GMT-0300 (hora estándar de Argentina) 
Se añadío el prodcuto Silla de Comedor  en la fecha: Sun Sep 14 2025 00:10:06 GMT-0300 (hora estándar de Argentina) 
Se añadío el prodcuto Sofá 3 cuerpos en la fecha: Sun Sep 14 2025 00:11:32 GMT-0300 (hora estándar de Argentina) 
Se añadío el prodcuto Mesa de Roble en la fecha: Sun Sep 14 2025 00:11:32 GMT-0300 (hora estándar de Argentina) 
Se añadío el prodcuto Silla de Comedor  en la fecha: Sun Sep 14 2025 00:11:32 GMT-0300 (hora estándar de Argentina) 
Se añadío el prodcuto Silla de Comedor  en la fecha: Sun Sep 14 2025 00:56:08 GMT-0300 (hora estándar de Argentina) 
Se añadío el prodcuto Sofá 3 cuerpos en la fecha: Sun Sep 14 2025 01:06:52 GMT-0300 (hora estándar de Argentina) 
Se añadío el prodcuto Mesa de Roble en la fecha: Sun Sep 14 2025 01:06:52 GMT-0300 (hora estándar de Argentina) 
Se añadío el prodcuto Silla de Comedor  en la fecha: Sun Sep 14 2025 01:06:52 GMT-0300 (hora estándar de Argentina) 
Se añadío el prodcuto Sofá 3 cuerpos en la fecha: Sun Sep 14 2025 01:14:51 GMT-0300 (hora estándar de Argentina) 
Se añadío el prodcuto Mesa de Roble en la fecha: Sun Sep 14 2025 01:14:51 GMT-0300 (hora estándar de Argentina) 
Se añadío el prodcuto Silla de Comedor  en la fecha: Sun Sep 14 2025 01:14:51 GMT-0300 (hora estándar de Argentina) 
Se añadío el prodcuto Sofá 3 cuerpos en la fecha: Sun Sep 14 2025 01:17:31 GMT-0300 (hora estándar de Argentina) 
Se añadío el prodcuto Mesa de Roble en la fecha: Sun Sep 14 2025 01:17:31 GMT-0300 (hora estándar de Argentina) 
Se añadío el prodcuto Silla de Comedor  en la fecha: Sun Sep 14 2025 01:17:31 GMT-0300 (hora estándar de Argentina) 
Se añadío el prodcuto Sofá 3 cuerpos en la fecha: Sun Sep 14 2025 01:24:24 GMT-0300 (hora estándar de Argentina) 
Se añadío el prodcuto Mesa de Roble en la fecha: Sun Sep 14 2025 01:24:24 GMT-0300 (hora estándar de Argentina) 
Se añadío el prodcuto Silla de Comedor  en la fecha: Sun Sep 14 2025 01:24:24 GMT-0300 (hora estándar de Argentina) 
Se añadío el prodcuto Sofá 3 cuerpos en la fecha: Sun Sep 14 2025 01:34:03 GMT-0300 (hora estándar de Argentina) 
Se añadío el prodcuto Mesa de Roble en la fecha: Sun Sep 14 2025 01:34:03 GMT-0300 (hora estándar de Argentina) 
Se añadío el prodcuto Silla de Comedor  en la fecha: Sun Sep 14 2025 01:34:03 GMT-0300 (hora estándar de Argentina) 
Se añadío el prodcuto Sofá 3 cuerpos en la fecha: Sun Sep 14 2025 01:35:15 GMT-0300 (hora estándar de Argentina) 
Se añadío el prodcuto Mesa de Roble en la fecha: Sun Sep 14 2025 01:35:15 GMT-0300 (hora estándar de Argentina) 
Se añadío el prodcuto Silla de Comedor  en la fecha: Sun Sep 14 2025 01:35:15 GMT-0300 (hora estándar de Argentina) 
Se añadío el prodcuto Sofá 3 cuerpos en la fecha: Sun Sep 14 2025 01:35:15 GMT-0300 (hora estándar de Argentina) 
Se añadío el prodcuto Mesa de Roble en la fecha: Sun Sep 14 2025 01:35:15 GMT-0300 (hora estándar de Argentina) 
Se añadío el prodcuto Silla de Comedor  en la fecha: Sun Sep 14 2025 01:35:15 GMT-0300 (hora estándar de Argentina) 
Se añadío el prodcuto Sofá 3 cuerpos en la fecha: Sun Sep 14 2025 01:37:38 GMT-0300 (hora estándar de Argentina) 
Se añadío el prodcuto Mesa de Roble en la fecha: Sun Sep 14 2025 01:37:38 GMT-0300 (hora estándar de Argentina) 
Se añadío el prodcuto Silla de Comedor  en la fecha: Sun Sep 14 2025 01:37:38 GMT-0300 (hora estándar de Argentina) 
Se añadío el prodcuto Sofá 3 cuerpos en la fecha: Sun Sep 14 2025 01:37:38 GMT-0300 (hora estándar de Argentina) 
Se añadío el prodcuto Mesa de Roble en la fecha: Sun Sep 14 2025 01:37:38 GMT-0300 (hora estándar de Argentina) 
Se añadío el prodcuto Silla de Comedor  en la fecha: Sun Sep 14 2025 01:37:38 GMT-0300 (hora estándar de Argentina) 
Se añadío el prodcuto Sofá 3 cuerpos en la fecha: Sun Sep 14 2025 01:39:02 GMT-0300 (hora estándar de Argentina) 
Se añadío el prodcuto Mesa de Roble en la fecha: Sun Sep 14 2025 01:39:02 GMT-0300 (hora estándar de Argentina) 
Se añadío el prodcuto Silla de Comedor  en la fecha: Sun Sep 14 2025 01:39:02 GMT-0300 (hora estándar de Argentina) 
Se añadío el prodcuto Sofá 3 cuerpos en la fecha: Sun Sep 14 2025 01:39:02 GMT-0300 (hora estándar de Argentina) 
Se añadío el prodcuto Mesa de Roble en la fecha: Sun Sep 14 2025 01:39:02 GMT-0300 (hora estándar de Argentina) 
Se añadío el prodcuto Silla de Comedor  en la fecha: Sun Sep 14 2025 01:39:02 GMT-0300 (hora estándar de Argentina) 
Se añadío el prodcuto Sofá 3 cuerpos en la fecha: Sun Sep 14 2025 01:40:07 GMT-0300 (hora estándar de Argentina) 
Se añadío el prodcuto Mesa de Roble en la fecha: Sun Sep 14 2025 01:40:07 GMT-0300 (hora estándar de Argentina) 
Se añadío el prodcuto Silla de Comedor  en la fecha: Sun Sep 14 2025 01:40:07 GMT-0300 (hora estándar de Argentina) 
Se añadío el prodcuto Sofá 3 cuerpos en la fecha: Sun Sep 14 2025 01:40:07 GMT-0300 (hora estándar de Argentina) 
Se añadío el prodcuto Mesa de Roble en la fecha: Sun Sep 14 2025 01:40:07 GMT-0300 (hora estándar de Argentina) 
Se añadío el prodcuto Silla de Comedor  en la fecha: Sun Sep 14 2025 01:40:07 GMT-0300 (hora estándar de Argentina) 
Se añadío el prodcuto Sofá 3 cuerpos en la fecha: Sun Sep 14 2025 01:40:54 GMT-0300 (hora estándar de Argentina) 
Se añadío el prodcuto Mesa de Roble en la fecha: Sun Sep 14 2025 01:40:54 GMT-0300 (hora estándar de Argentina) 
Se añadío el prodcuto Silla de Comedor  en la fecha: Sun Sep 14 2025 01:40:54 GMT-0300 (hora estándar de Argentina) 
Se añadío el prodcuto Sofá 3 cuerpos en la fecha: Sun Sep 14 2025 01:40:54 GMT-0300 (hora estándar de Argentina) 
Se añadío el prodcuto Mesa de Roble en la fecha: Sun Sep 14 2025 01:40:54 GMT-0300 (hora estándar de Argentina) 
Se añadío el prodcuto Silla de Comedor  en la fecha: Sun Sep 14 2025 01:40:54 GMT-0300 (hora estándar de Argentina) 
Se añadío el prodcuto Silla de Comedor  en la fecha: Sun Sep 14 2025 01:57:35 GMT-0300 (hora estándar de Argentina) 
Se añadío el prodcuto Sofá 3 cuerpos en la fecha: Sun Sep 14 2025 01:57:35 GMT-0300 (hora estándar de Argentina) 
Se añadío el prodcuto Mesa de Roble en la fecha: Sun Sep 14 2025 01:57:35 GMT-0300 (hora estándar de Argentina) 
Se añadío el prodcuto Sofá 3 cuerpos en la fecha: Sun Sep 14 2025 01:57:35 GMT-0300 (hora estándar de Argentina) 
Se añadío el prodcuto Mesa de Roble en la fecha: Sun Sep 14 2025 01:57:35 GMT-0300 (hora estándar de Argentina) 
Se añadío el prodcuto Silla de Comedor  en la fecha: Sun Sep 14 2025 01:57:35 GMT-0300 (hora estándar de Argentina) 
Se añadío el prodcuto Sofá 3 cuerpos en la fecha: Sun Sep 14 2025 01:57:59 GMT-0300 (hora estándar de Argentina) 
Se añadío el prodcuto Mesa de Roble en la fecha: Sun Sep 14 2025 01:57:59 GMT-0300 (hora estándar de Argentina) 
Se añadío el prodcuto Silla de Comedor  en la fecha: Sun Sep 14 2025 01:57:59 GMT-0300 (hora estándar de Argentina) 
Se añadío el prodcuto Sofá 3 cuerpos en la fecha: Sun Sep 14 2025 01:57:59 GMT-0300 (hora estándar de Argentina) 
Se añadío el prodcuto Mesa de Roble en la fecha: Sun Sep 14 2025 01:57:59 GMT-0300 (hora estándar de Argentina) 
Se añadío el prodcuto Silla de Comedor  en la fecha: Sun Sep 14 2025 01:57:59 GMT-0300 (hora estándar de Argentina) 
Se añadío el prodcuto Sofá 3 cuerpos en la fecha: Sun Sep 14 2025 01:58:43 GMT-0300 (hora estándar de Argentina) 
Se añadío el prodcuto Mesa de Roble en la fecha: Sun Sep 14 2025 01:58:43 GMT-0300 (hora estándar de Argentina) 
Se añadío el prodcuto Silla de Comedor  en la fecha: Sun Sep 14 2025 01:58:43 GMT-0300 (hora estándar de Argentina) 
Se añadío el prodcuto Sofá 3 cuerpos en la fecha: Sun Sep 14 2025 01:58:43 GMT-0300 (hora estándar de Argentina) 
Se añadío el prodcuto Mesa de Roble en la fecha: Sun Sep 14 2025 01:58:43 GMT-0300 (hora estándar de Argentina) 
Se añadío el prodcuto Silla de Comedor  en la fecha: Sun Sep 14 2025 01:58:43 GMT-0300 (hora estándar de Argentina) 
Se añadío el prodcuto Sofá 3 cuerpos en la fecha: Sun Sep 14 2025 01:59:50 GMT-0300 (hora estándar de Argentina) 
Se añadío el prodcuto Mesa de Roble en la fecha: Sun Sep 14 2025 01:59:50 GMT-0300 (hora estándar de Argentina) 
Se añadío el prodcuto Silla de Comedor  en la fecha: Sun Sep 14 2025 01:59:50 GMT-0300 (hora estándar de Argentina) 
Se añadío el prodcuto Sofá 3 cuerpos en la fecha: Sun Sep 14 2025 01:59:50 GMT-0300 (hora estándar de Argentina) 
Se añadío el prodcuto Mesa de Roble en la fecha: Sun Sep 14 2025 01:59:50 GMT-0300 (hora estándar de Argentina) 
Se añadío el prodcuto Silla de Comedor  en la fecha: Sun Sep 14 2025 01:59:50 GMT-0300 (hora estándar de Argentina) 
Se añadío el prodcuto Sofá 3 cuerpos en la fecha: Sun Sep 14 2025 02:00:15 GMT-0300 (hora estándar de Argentina) 
Se añadío el prodcuto Mesa de Roble en la fecha: Sun Sep 14 2025 02:00:15 GMT-0300 (hora estándar de Argentina) 
Se añadío el prodcuto Silla de Comedor  en la fecha: Sun Sep 14 2025 02:00:15 GMT-0300 (hora estándar de Argentina) 
Se añadío el prodcuto Sofá 3 cuerpos en la fecha: Sun Sep 14 2025 02:00:15 GMT-0300 (hora estándar de Argentina) 
Se añadío el prodcuto Mesa de Roble en la fecha: Sun Sep 14 2025 02:00:15 GMT-0300 (hora estándar de Argentina) 
Se añadío el prodcuto Silla de Comedor  en la fecha: Sun Sep 14 2025 02:00:15 GMT-0300 (hora estándar de Argentina) 
Se añadío el prodcuto Sofá 3 cuerpos en la fecha: Sun Sep 14 2025 02:02:03 GMT-0300 (hora estándar de Argentina) 
Se añadío el prodcuto Mesa de Roble en la fecha: Sun Sep 14 2025 02:02:03 GMT-0300 (hora estándar de Argentina) 
Se añadío el prodcuto Silla de Comedor  en la fecha: Sun Sep 14 2025 02:02:03 GMT-0300 (hora estándar de Argentina) 
Se añadío el prodcuto Sofá 3 cuerpos en la fecha: Sun Sep 14 2025 02:02:03 GMT-0300 (hora estándar de Argentina) 
Se añadío el prodcuto Mesa de Roble en la fecha: Sun Sep 14 2025 02:02:03 GMT-0300 (hora estándar de Argentina) 
Se añadío el prodcuto Silla de Comedor  en la fecha: Sun Sep 14 2025 02:02:03 GMT-0300 (hora estándar de Argentina) 
Se añadío el prodcuto Sofá 3 cuerpos en la fecha: Sun Sep 14 2025 02:02:35 GMT-0300 (hora estándar de Argentina) 
Se añadío el prodcuto Mesa de Roble en la fecha: Sun Sep 14 2025 02:02:35 GMT-0300 (hora estándar de Argentina) 
Se añadío el prodcuto Silla de Comedor  en la fecha: Sun Sep 14 2025 02:02:35 GMT-0300 (hora estándar de Argentina) 
Se añadío el prodcuto Sofá 3 cuerpos en la fecha: Sun Sep 14 2025 02:02:35 GMT-0300 (hora estándar de Argentina) 
Se añadío el prodcuto Mesa de Roble en la fecha: Sun Sep 14 2025 02:02:35 GMT-0300 (hora estándar de Argentina) 
Se añadío el prodcuto Silla de Comedor  en la fecha: Sun Sep 14 2025 02:02:35 GMT-0300 (hora estándar de Argentina) 
Se añadío el prodcuto Sofá 3 cuerpos en la fecha: Sun Sep 14 2025 02:03:41 GMT-0300 (hora estándar de Argentina) 
Se añadío el prodcuto Mesa de Roble en la fecha: Sun Sep 14 2025 02:03:41 GMT-0300 (hora estándar de Argentina) 
Se añadío el prodcuto Silla de Comedor  en la fecha: Sun Sep 14 2025 02:03:41 GMT-0300 (hora estándar de Argentina) 
Se añadío el prodcuto Sofá 3 cuerpos en la fecha: Sun Sep 14 2025 02:03:41 GMT-0300 (hora estándar de Argentina) 
Se añadío el prodcuto Mesa de Roble en la fecha: Sun Sep 14 2025 02:03:41 GMT-0300 (hora estándar de Argentina) 
Se añadío el prodcuto Silla de Comedor  en la fecha: Sun Sep 14 2025 02:03:41 GMT-0300 (hora estándar de Argentina) 
Se añadío el prodcuto Sofá 3 cuerpos en la fecha: Sun Sep 14 2025 02:05:10 GMT-0300 (hora estándar de Argentina) 
Se añadío el prodcuto Mesa de Roble en la fecha: Sun Sep 14 2025 02:05:10 GMT-0300 (hora estándar de Argentina) 
Se añadío el prodcuto Silla de Comedor  en la fecha: Sun Sep 14 2025 02:05:10 GMT-0300 (hora estándar de Argentina) 
Se añadío el prodcuto Sofá 3 cuerpos en la fecha: Sun Sep 14 2025 02:05:10 GMT-0300 (hora estándar de Argentina) 
Se añadío el prodcuto Mesa de Roble en la fecha: Sun Sep 14 2025 02:05:10 GMT-0300 (hora estándar de Argentina) 
Se añadío el prodcuto Silla de Comedor  en la fecha: Sun Sep 14 2025 02:05:10 GMT-0300 (hora estándar de Argentina) 
Se añadío el prodcuto Sofá 3 cuerpos en la fecha: Sun Sep 14 2025 02:20:58 GMT-0300 (hora estándar de Argentina) 
Se añadío el prodcuto Silla de Comedor  en la fecha: Sun Sep 14 2025 02:20:58 GMT-0300 (hora estándar de Argentina) 
Se añadío el prodcuto Mesa de Roble en la fecha: Sun Sep 14 2025 02:20:58 GMT-0300 (hora estándar de Argentina) 
Se añadío el prodcuto Silla de Comedor  en la fecha: Sun Sep 14 2025 02:20:58 GMT-0300 (hora estándar de Argentina) 
Se añadío el prodcuto Mesa de Roble en la fecha: Sun Sep 14 2025 02:20:58 GMT-0300 (hora estándar de Argentina) 
Se añadío el prodcuto Sofá 3 cuerpos en la fecha: Sun Sep 14 2025 02:20:58 GMT-0300 (hora estándar de Argentina) 
Se añadío el prodcuto Sofá 3 cuerpos en la fecha: Sun Sep 14 2025 02:26:49 GMT-0300 (hora estándar de Argentina) 
Se añadío el prodcuto Mesa de Roble en la fecha: Sun Sep 14 2025 02:26:49 GMT-0300 (hora estándar de Argentina) 
Se añadío el prodcuto Silla de Comedor  en la fecha: Sun Sep 14 2025 02:26:49 GMT-0300 (hora estándar de Argentina) 
