Fri Sep 12 2025 22:49:36 GMT-0300 (hora estándar de Argentina), mensaje: producto 1 (
) Fri Sep 12 2025 22:49:36 GMT-0300 (hora estándar de Argentina), mensaje: producto 3 (
) Fri Sep 12 2025 22:49:36 GMT-0300 (hora estándar de Argentina), mensaje: producto 5 (
) Fri Sep 12 2025 22:49:36 GMT-0300 (hora estándar de Argentina), mensaje: producto 6 (
) Fri Sep 12 2025 22:49:36 GMT-0300 (hora estándar de Argentina), mensaje: producto 4 (
) Fri Sep 12 2025 22:49:36 GMT-0300 (hora estándar de Argentina), mensaje: producto 2 (
) Fri Sep 12 2025 22:50:55 GMT-0300 (hora estándar de Argentina), mensaje: Mensaje de exitosasdafdfaf (
) Fri Sep 12 2025 22:50:55 GMT-0300 (hora estándar de Argentina), mensaje: Mensaje de exitosasdafdfaf (
) Fri Sep 12 2025 22:50:55 GMT-0300 (hora estándar de Argentina), mensaje: pMensaje de exitosasdafdfaf5 (
) Fri Sep 12 2025 22:50:55 GMT-0300 (hora estándar de Argentina), mensaje: Mensaje de exitosasdafdfaf (
) Fri Sep 12 2025 22:50:55 GMT-0300 (hora estándar de Argentina), mensaje: Mensaje de exitosasdafdfaf (
) Fri Sep 12 2025 22:50:55 GMT-0300 (hora estándar de Argentina), mensaje: prodMensaje de exitosasdafdfaf 6 (
) Fri Sep 12 2025 22:55:22 GMT-0300 (hora estándar de Argentina), mensaje: Mensaje de exitosasdafdfaf esta es la tercera vez que ejecuto el codigo (
) Fri Sep 12 2025 22:55:22 GMT-0300 (hora estándar de Argentina), mensaje: esta es la tercera vez que ejecuto el codigoe exitosasdafdfaf (
) Fri Sep 12 2025 22:55:22 GMT-0300 (hora estándar de Argentina), mensaje: esta es la tercera vez que ejecuto el codigo (
) Fri Sep 12 2025 22:55:22 GMT-0300 (hora estándar de Argentina), mensaje: Mensaje desta es la tercera vez que ejecuto el codigoe exitosasdafdfaf (
) Fri Sep 12 2025 22:55:22 GMT-0300 (hora estándar de Argentina), mensaje: pMensaje de eesta es la tercera vez que ejecuto el codigoxitosasdafdfaf5 (
) Fri Sep 12 2025 22:55:22 GMT-0300 (hora estándar de Argentina), mensaje: prodMensaje de esta es la tercera vez que ejecuto el codigoexitosasdafdfaf 6 (
) Fri Sep 12 2025 22:57:25 GMT-0300 (hora estándar de Argentina), mensaje: Mensaje de exitosasdafdfaf esta es la cuarta vez que ejecuto el codigo 
 Fri Sep 12 2025 22:57:25 GMT-0300 (hora estándar de Argentina), mensaje: esta es la cuarta vez que ejecuto el codigoe exitosasdafdfaf 
 Fri Sep 12 2025 22:57:25 GMT-0300 (hora estándar de Argentina), mensaje: pMensaje de eesta es la cuarta vez que ejecuto el codigoxitosasdafdfaf5 
 Fri Sep 12 2025 22:57:25 GMT-0300 (hora estándar de Argentina), mensaje: prodMensaje de esta es la cuarta vez que ejecuto el codigoexitosasdafdfaf 6 
 Fri Sep 12 2025 22:57:25 GMT-0300 (hora estándar de Argentina), mensaje: esta es la cuarta vez que ejecuto el codigo 
 Fri Sep 12 2025 22:57:25 GMT-0300 (hora estándar de Argentina), mensaje: Mensaje desta es la cuarta vez que ejecuto el codigoe exitosasdafdfaf 
 